# JRE version: OpenJDK Runtime Environment Temurin-17.0.1+12 (17.0.1+12) (build 17.0.1+12)
# Java VM: OpenJDK 64-Bit Server VM Temurin-17.0.1+12 (17.0.1+12, mixed mode, tiered, compressed oops, compressed class ptrs, g1 gc, windows-amd64)
GC Precious Log:
 CPUs: 4 total, 4 available
 Memory: 8066M
 Large Page Support: Disabled
 NUMA Support: Disabled
 Compressed Oops: Enabled (32-bit)
 Heap Region Size: 1M
 Heap Min Capacity: 8M
 Heap Initial Capacity: 128M
 Heap Max Capacity: 2018M
 Pre-touch: Disabled
 Parallel Workers: 4
 Concurrent Workers: 1
 Concurrent Refinement Workers: 4
 Periodic GC: Disabled
Heap:
 garbage-first heap   total 46080K, used 30500K [0x0000000081e00000, 0x0000000100000000)
  region size 1024K, 8 young (8192K), 2 survivors (2048K)
 Metaspace       used 53459K, committed 53824K, reserved 1097728K
  class space    used 6612K, committed 6784K, reserved 1048576K
GC Heap History (20 events):
Event: 4.568 GC heap before
{Heap before GC invocations=8 (full 0):
 garbage-first heap   total 37888K, used 27867K [0x0000000081e00000, 0x0000000100000000)
  region size 1024K, 17 young (17408K), 2 survivors (2048K)
 Metaspace       used 30366K, committed 30592K, reserved 1081344K
  class space    used 3531K, committed 3648K, reserved 1048576K
}
Event: 4.574 GC heap after
{Heap after GC invocations=9 (full 0):
 garbage-first heap   total 37888K, used 13556K [0x0000000081e00000, 0x0000000100000000)
  region size 1024K, 3 young (3072K), 3 survivors (3072K)
 Metaspace       used 30366K, committed 30592K, reserved 1081344K
  class space    used 3531K, committed 3648K, reserved 1048576K
}
Event: 5.284 GC heap before
{Heap before GC invocations=9 (full 0):
 garbage-first heap   total 37888K, used 27892K [0x0000000081e00000, 0x0000000100000000)
  region size 1024K, 17 young (17408K), 3 survivors (3072K)
 Metaspace       used 33422K, committed 33728K, reserved 1081344K
  class space    used 3938K, committed 4096K, reserved 1048576K
}
Event: 5.294 GC heap after
{Heap after GC invocations=10 (full 0):
 garbage-first heap   total 37888K, used 14672K [0x0000000081e00000, 0x0000000100000000)
  region size 1024K, 3 young (3072K), 3 survivors (3072K)
 Metaspace       used 33422K, committed 33728K, reserved 1081344K
  class space    used 3938K, committed 4096K, reserved 1048576K
}
Event: 5.669 GC heap before
{Heap before GC invocations=10 (full 0):
 garbage-first heap   total 37888K, used 21840K [0x0000000081e00000, 0x0000000100000000)
  region size 1024K, 12 young (12288K), 3 survivors (3072K)
 Metaspace       used 35899K, committed 36096K, reserved 1081344K
  class space    used 4304K, committed 4416K, reserved 1048576K
}
Event: 5.677 GC heap after
{Heap after GC invocations=11 (full 0):
 garbage-first heap   total 46080K, used 15685K [0x0000000081e00000, 0x0000000100000000)
  region size 1024K, 1 young (1024K), 1 survivors (1024K)
 Metaspace       used 35899K, committed 36096K, reserved 1081344K
  class space    used 4304K, committed 4416K, reserved 1048576K
}
Event: 6.635 GC heap before
{Heap before GC invocations=12 (full 0):
 garbage-first heap   total 46080K, used 33093K [0x0000000081e00000, 0x0000000100000000)
  region size 1024K, 19 young (19456K), 1 survivors (1024K)
 Metaspace       used 38213K, committed 38528K, reserved 1089536K
  class space    used 4597K, committed 4736K, reserved 1048576K
}
Event: 6.642 GC heap after
{Heap after GC invocations=13 (full 0):
 garbage-first heap   total 46080K, used 17079K [0x0000000081e00000, 0x0000000100000000)
  region size 1024K, 3 young (3072K), 3 survivors (3072K)
 Metaspace       used 38213K, committed 38528K, reserved 1089536K
  class space    used 4597K, committed 4736K, reserved 1048576K
}
Event: 7.488 GC heap before
{Heap before GC invocations=13 (full 0):
 garbage-first heap   total 46080K, used 33463K [0x0000000081e00000, 0x0000000100000000)
  region size 1024K, 20 young (20480K), 3 survivors (3072K)
 Metaspace       used 40278K, committed 40576K, reserved 1089536K
  class space    used 4903K, committed 5056K, reserved 1048576K
}
Event: 7.493 GC heap after
{Heap after GC invocations=14 (full 0):
 garbage-first heap   total 46080K, used 18017K [0x0000000081e00000, 0x0000000100000000)
  region size 1024K, 3 young (3072K), 3 survivors (3072K)
 Metaspace       used 40278K, committed 40576K, reserved 1089536K
  class space    used 4903K, committed 5056K, reserved 1048576K
}
Event: 7.973 GC heap before
{Heap before GC invocations=14 (full 0):
 garbage-first heap   total 46080K, used 34401K [0x0000000081e00000, 0x0000000100000000)
  region size 1024K, 19 young (19456K), 3 survivors (3072K)
 Metaspace       used 42451K, committed 42816K, reserved 1089536K
  class space    used 5201K, committed 5376K, reserved 1048576K
}
Event: 7.981 GC heap after
{Heap after GC invocations=15 (full 0):
 garbage-first heap   total 46080K, used 19493K [0x0000000081e00000, 0x0000000100000000)
  region size 1024K, 3 young (3072K), 3 survivors (3072K)
 Metaspace       used 42451K, committed 42816K, reserved 1089536K
  class space    used 5201K, committed 5376K, reserved 1048576K
}
Event: 11.345 GC heap before
{Heap before GC invocations=15 (full 0):
 garbage-first heap   total 46080K, used 35877K [0x0000000081e00000, 0x0000000100000000)
  region size 1024K, 19 young (19456K), 3 survivors (3072K)
 Metaspace       used 46798K, committed 47168K, reserved 1097728K
  class space    used 5753K, committed 5952K, reserved 1048576K
}
Event: 11.383 GC heap after
{Heap after GC invocations=16 (full 0):
 garbage-first heap   total 46080K, used 21933K [0x0000000081e00000, 0x0000000100000000)
  region size 1024K, 3 young (3072K), 3 survivors (3072K)
 Metaspace       used 46798K, committed 47168K, reserved 1097728K
  class space    used 5753K, committed 5952K, reserved 1048576K
}
Event: 13.275 GC heap before
{Heap before GC invocations=16 (full 0):
 garbage-first heap   total 46080K, used 34221K [0x0000000081e00000, 0x0000000100000000)
  region size 1024K, 16 young (16384K), 3 survivors (3072K)
 Metaspace       used 48919K, committed 49344K, reserved 1097728K
  class space    used 6054K, committed 6272K, reserved 1048576K
}
Event: 13.285 GC heap after
{Heap after GC invocations=17 (full 0):
 garbage-first heap   total 46080K, used 24077K [0x0000000081e00000, 0x0000000100000000)
  region size 1024K, 2 young (2048K), 2 survivors (2048K)
 Metaspace       used 48919K, committed 49344K, reserved 1097728K
  class space    used 6054K, committed 6272K, reserved 1048576K
}
Event: 15.611 GC heap before
{Heap before GC invocations=17 (full 0):
 garbage-first heap   total 46080K, used 35341K [0x0000000081e00000, 0x0000000100000000)
  region size 1024K, 13 young (13312K), 2 survivors (2048K)
 Metaspace       used 51239K, committed 51648K, reserved 1097728K
  class space    used 6351K, committed 6528K, reserved 1048576K
}
Event: 15.619 GC heap after
{Heap after GC invocations=18 (full 0):
 garbage-first heap   total 46080K, used 24683K [0x0000000081e00000, 0x0000000100000000)
  region size 1024K, 1 young (1024K), 1 survivors (1024K)
 Metaspace       used 51239K, committed 51648K, reserved 1097728K
  class space    used 6351K, committed 6528K, reserved 1048576K
}
Event: 464.160 GC heap before
{Heap before GC invocations=19 (full 0):
 garbage-first heap   total 46080K, used 35947K [0x0000000081e00000, 0x0000000100000000)
  region size 1024K, 12 young (12288K), 1 survivors (1024K)
 Metaspace       used 53250K, committed 53632K, reserved 1097728K
  class space    used 6606K, committed 6784K, reserved 1048576K
}
Event: 464.169 GC heap after
{Heap after GC invocations=20 (full 0):
 garbage-first heap   total 46080K, used 25380K [0x0000000081e00000, 0x0000000100000000)
  region size 1024K, 2 young (2048K), 2 survivors (2048K)
 Metaspace       used 53250K, committed 53632K, reserved 1097728K
  class space    used 6606K, committed 6784K, reserved 1048576K
}

